# JRE version: OpenJDK Runtime Environment (17.0.6) (build 17.0.6+0-b2043.56-10027231)
# Java VM: OpenJDK 64-Bit Server VM (17.0.6+0-b2043.56-10027231, mixed mode, tiered, compressed oops, compressed class ptrs, g1 gc, windows-amd64)
GC Precious Log:
 CPUs: 4 total, 4 available
 Memory: 8033M
 Large Page Support: Disabled
 NUMA Support: Disabled
 Compressed Oops: Enabled (32-bit)
 Heap Region Size: 1M
 Heap Min Capacity: 8M
 Heap Initial Capacity: 126M
 Heap Max Capacity: 2G
 Pre-touch: Disabled
 Parallel Workers: 4
 Concurrent Workers: 1
 Concurrent Refinement Workers: 4
 Periodic GC: Disabled
Heap:
 garbage-first heap   total 450560K, used 124168K [0x0000000080000000, 0x0000000100000000)
  region size 1024K, 2 young (2048K), 2 survivors (2048K)
 Metaspace       used 137336K, committed 138560K, reserved 1171456K
  class space    used 17895K, committed 18432K, reserved 1048576K
GC Heap History (20 events):
Event: 3256.057 GC heap after
{Heap after GC invocations=92 (full 0):
 garbage-first heap   total 450560K, used 126191K [0x0000000080000000, 0x0000000100000000)
  region size 1024K, 3 young (3072K), 3 survivors (3072K)
 Metaspace       used 136966K, committed 138176K, reserved 1171456K
  class space    used 17879K, committed 18432K, reserved 1048576K
}
Event: 3256.196 GC heap before
{Heap before GC invocations=92 (full 0):
 garbage-first heap   total 450560K, used 156911K [0x0000000080000000, 0x0000000100000000)
  region size 1024K, 35 young (35840K), 3 survivors (3072K)
 Metaspace       used 136967K, committed 138176K, reserved 1171456K
  class space    used 17879K, committed 18432K, reserved 1048576K
}
Event: 3256.218 GC heap after
{Heap after GC invocations=93 (full 0):
 garbage-first heap   total 450560K, used 144384K [0x0000000080000000, 0x0000000100000000)
  region size 1024K, 19 young (19456K), 19 survivors (19456K)
 Metaspace       used 136967K, committed 138176K, reserved 1171456K
  class space    used 17879K, committed 18432K, reserved 1048576K
}
Event: 3366.934 GC heap before
{Heap before GC invocations=94 (full 0):
 garbage-first heap   total 450560K, used 313344K [0x0000000080000000, 0x0000000100000000)
  region size 1024K, 132 young (135168K), 19 survivors (19456K)
 Metaspace       used 137061K, committed 138240K, reserved 1171456K
  class space    used 17880K, committed 18432K, reserved 1048576K
}
Event: 3367.089 GC heap after
{Heap after GC invocations=95 (full 0):
 garbage-first heap   total 450560K, used 151887K [0x0000000080000000, 0x0000000100000000)
  region size 1024K, 8 young (8192K), 8 survivors (8192K)
 Metaspace       used 137061K, committed 138240K, reserved 1171456K
  class space    used 17880K, committed 18432K, reserved 1048576K
}
Event: 3367.396 GC heap before
{Heap before GC invocations=95 (full 0):
 garbage-first heap   total 450560K, used 165199K [0x0000000080000000, 0x0000000100000000)
  region size 1024K, 22 young (22528K), 8 survivors (8192K)
 Metaspace       used 137079K, committed 138240K, reserved 1171456K
  class space    used 17881K, committed 18432K, reserved 1048576K
}
Event: 3367.463 GC heap after
{Heap after GC invocations=96 (full 0):
 garbage-first heap   total 450560K, used 142771K [0x0000000080000000, 0x0000000100000000)
  region size 1024K, 3 young (3072K), 3 survivors (3072K)
 Metaspace       used 137079K, committed 138240K, reserved 1171456K
  class space    used 17881K, committed 18432K, reserved 1048576K
}
Event: 3367.468 GC heap before
{Heap before GC invocations=96 (full 0):
 garbage-first heap   total 450560K, used 142771K [0x0000000080000000, 0x0000000100000000)
  region size 1024K, 4 young (4096K), 3 survivors (3072K)
 Metaspace       used 137080K, committed 138240K, reserved 1171456K
  class space    used 17881K, committed 18432K, reserved 1048576K
}
Event: 3367.478 GC heap after
{Heap after GC invocations=97 (full 0):
 garbage-first heap   total 450560K, used 143208K [0x0000000080000000, 0x0000000100000000)
  region size 1024K, 3 young (3072K), 3 survivors (3072K)
 Metaspace       used 137080K, committed 138240K, reserved 1171456K
  class space    used 17881K, committed 18432K, reserved 1048576K
}
Event: 3396.275 GC heap before
{Heap before GC invocations=98 (full 0):
 garbage-first heap   total 450560K, used 308072K [0x0000000080000000, 0x0000000100000000)
  region size 1024K, 128 young (131072K), 3 survivors (3072K)
 Metaspace       used 137159K, committed 138368K, reserved 1171456K
  class space    used 17882K, committed 18432K, reserved 1048576K
}
Event: 3396.294 GC heap after
{Heap after GC invocations=99 (full 0):
 garbage-first heap   total 450560K, used 125714K [0x0000000080000000, 0x0000000100000000)
  region size 1024K, 5 young (5120K), 5 survivors (5120K)
 Metaspace       used 137159K, committed 138368K, reserved 1171456K
  class space    used 17882K, committed 18432K, reserved 1048576K
}
Event: 3396.875 GC heap before
{Heap before GC invocations=99 (full 0):
 garbage-first heap   total 450560K, used 142098K [0x0000000080000000, 0x0000000100000000)
  region size 1024K, 22 young (22528K), 5 survivors (5120K)
 Metaspace       used 137171K, committed 138368K, reserved 1171456K
  class space    used 17882K, committed 18432K, reserved 1048576K
}
Event: 3396.906 GC heap after
{Heap after GC invocations=100 (full 0):
 garbage-first heap   total 450560K, used 111126K [0x0000000080000000, 0x0000000100000000)
  region size 1024K, 2 young (2048K), 2 survivors (2048K)
 Metaspace       used 137171K, committed 138368K, reserved 1171456K
  class space    used 17882K, committed 18432K, reserved 1048576K
}
Event: 3397.656 GC heap before
{Heap before GC invocations=100 (full 0):
 garbage-first heap   total 450560K, used 133654K [0x0000000080000000, 0x0000000100000000)
  region size 1024K, 26 young (26624K), 2 survivors (2048K)
 Metaspace       used 137199K, committed 138432K, reserved 1171456K
  class space    used 17886K, committed 18432K, reserved 1048576K
}
Event: 3397.668 GC heap after
{Heap after GC invocations=101 (full 0):
 garbage-first heap   total 450560K, used 114445K [0x0000000080000000, 0x0000000100000000)
  region size 1024K, 6 young (6144K), 6 survivors (6144K)
 Metaspace       used 137199K, committed 138432K, reserved 1171456K
  class space    used 17886K, committed 18432K, reserved 1048576K
}
Event: 3404.743 GC heap before
{Heap before GC invocations=102 (full 0):
 garbage-first heap   total 450560K, used 304909K [0x0000000080000000, 0x0000000100000000)
  region size 1024K, 160 young (163840K), 6 survivors (6144K)
 Metaspace       used 137294K, committed 138496K, reserved 1171456K
  class space    used 17895K, committed 18432K, reserved 1048576K
}
Event: 3404.800 GC heap after
{Heap after GC invocations=103 (full 0):
 garbage-first heap   total 450560K, used 130483K [0x0000000080000000, 0x0000000100000000)
  region size 1024K, 19 young (19456K), 19 survivors (19456K)
 Metaspace       used 137294K, committed 138496K, reserved 1171456K
  class space    used 17895K, committed 18432K, reserved 1048576K
}
Event: 3404.832 GC heap before
{Heap before GC invocations=103 (full 0):
 garbage-first heap   total 450560K, used 133555K [0x0000000080000000, 0x0000000100000000)
  region size 1024K, 22 young (22528K), 19 survivors (19456K)
 Metaspace       used 137307K, committed 138496K, reserved 1171456K
  class space    used 17895K, committed 18432K, reserved 1048576K
}
Event: 3404.885 GC heap after
{Heap after GC invocations=104 (full 0):
 garbage-first heap   total 450560K, used 124581K [0x0000000080000000, 0x0000000100000000)
  region size 1024K, 2 young (2048K), 2 survivors (2048K)
 Metaspace       used 137307K, committed 138496K, reserved 1171456K
  class space    used 17895K, committed 18432K, reserved 1048576K
}
Event: 3405.092 GC heap before
{Heap before GC invocations=104 (full 0):
 garbage-first heap   total 450560K, used 132773K [0x0000000080000000, 0x0000000100000000)
  region size 1024K, 11 young (11264K), 2 survivors (2048K)
 Metaspace       used 137336K, committed 138560K, reserved 1171456K
  class space    used 17895K, committed 18432K, reserved 1048576K
}

